deploy	Set up job	﻿2026-04-03T21:07:57.3453887Z Current runner version: '2.333.1'
deploy	Set up job	2026-04-03T21:07:57.3504277Z ##[group]Runner Image Provisioner
deploy	Set up job	2026-04-03T21:07:57.3505644Z Hosted Compute Agent
deploy	Set up job	2026-04-03T21:07:57.3506638Z Version: 20260213.493
deploy	Set up job	2026-04-03T21:07:57.3507788Z Commit: 5c115507f6dd24b8de37d8bbe0bb4509d0cc0fa3
deploy	Set up job	2026-04-03T21:07:57.3508981Z Build Date: 2026-02-13T00:28:41Z
deploy	Set up job	2026-04-03T21:07:57.3510159Z Worker ID: {b85da4cf-fe4c-48bc-9f6b-17e13fca0fb0}
deploy	Set up job	2026-04-03T21:07:57.3511333Z Azure Region: northcentralus
deploy	Set up job	2026-04-03T21:07:57.3512376Z ##[endgroup]
deploy	Set up job	2026-04-03T21:07:57.3515081Z ##[group]Operating System
deploy	Set up job	2026-04-03T21:07:57.3516140Z Ubuntu
deploy	Set up job	2026-04-03T21:07:57.3516978Z 24.04.4
deploy	Set up job	2026-04-03T21:07:57.3517873Z LTS
deploy	Set up job	2026-04-03T21:07:57.3518740Z ##[endgroup]
deploy	Set up job	2026-04-03T21:07:57.3519579Z ##[group]Runner Image
deploy	Set up job	2026-04-03T21:07:57.3520629Z Image: ubuntu-24.04
deploy	Set up job	2026-04-03T21:07:57.3521509Z Version: 20260329.72.1
deploy	Set up job	2026-04-03T21:07:57.3523189Z Included Software: https://github.com/actions/runner-images/blob/ubuntu24/20260329.72/images/ubuntu/Ubuntu2404-Readme.md
deploy	Set up job	2026-04-03T21:07:57.3526804Z Image Release: https://github.com/actions/runner-images/releases/tag/ubuntu24%2F20260329.72
deploy	Set up job	2026-04-03T21:07:57.3528506Z ##[endgroup]
deploy	Set up job	2026-04-03T21:07:57.3530508Z ##[group]GITHUB_TOKEN Permissions
deploy	Set up job	2026-04-03T21:07:57.3533806Z Contents: read
deploy	Set up job	2026-04-03T21:07:57.3534893Z Deployments: write
deploy	Set up job	2026-04-03T21:07:57.3535889Z Metadata: read
deploy	Set up job	2026-04-03T21:07:57.3536884Z ##[endgroup]
deploy	Set up job	2026-04-03T21:07:57.3539609Z Secret source: Actions
deploy	Set up job	2026-04-03T21:07:57.3541415Z Prepare workflow directory
deploy	Set up job	2026-04-03T21:07:57.4108495Z Prepare all required actions
deploy	Set up job	2026-04-03T21:07:57.4165051Z Getting action download info
deploy	Set up job	2026-04-03T21:07:57.8263027Z Download action repository 'actions/checkout@v6.0.2' (SHA:de0fac2e4500dabe0009e67214ff5f5447ce83dd)
deploy	Set up job	2026-04-03T21:07:57.9658068Z Download action repository 'actions/setup-node@v6.3.0' (SHA:53b83947a5a98c8d113130e565377fae1a50d02f)
deploy	Set up job	2026-04-03T21:07:58.1623014Z Complete job name: deploy
deploy	Run actions/checkout@v6.0.2	﻿2026-04-03T21:07:58.2293792Z ##[group]Run actions/checkout@v6.0.2
deploy	Run actions/checkout@v6.0.2	2026-04-03T21:07:58.2294827Z with:
deploy	Run actions/checkout@v6.0.2	2026-04-03T21:07:58.2295285Z   repository: lcv-leo/mainsite-app
deploy	Run actions/checkout@v6.0.2	2026-04-03T21:07:58.2295983Z   token: ***
deploy	Run actions/checkout@v6.0.2	2026-04-03T21:07:58.2296385Z   ssh-strict: true
deploy	Run actions/checkout@v6.0.2	2026-04-03T21:07:58.2296811Z   ssh-user: git
deploy	Run actions/checkout@v6.0.2	2026-04-03T21:07:58.2297252Z   persist-credentials: true
deploy	Run actions/checkout@v6.0.2	2026-04-03T21:07:58.2297731Z   clean: true
deploy	Run actions/checkout@v6.0.2	2026-04-03T21:07:58.2298159Z   sparse-checkout-cone-mode: true
deploy	Run actions/checkout@v6.0.2	2026-04-03T21:07:58.2298668Z   fetch-depth: 1
deploy	Run actions/checkout@v6.0.2	2026-04-03T21:07:58.2299082Z   fetch-tags: false
deploy	Run actions/checkout@v6.0.2	2026-04-03T21:07:58.2299519Z   show-progress: true
deploy	Run actions/checkout@v6.0.2	2026-04-03T21:07:58.2299956Z   lfs: false
deploy	Run actions/checkout@v6.0.2	2026-04-03T21:07:58.2300351Z   submodules: false
deploy	Run actions/checkout@v6.0.2	2026-04-03T21:07:58.2300831Z   set-safe-directory: true
deploy	Run actions/checkout@v6.0.2	2026-04-03T21:07:58.2301498Z env:
deploy	Run actions/checkout@v6.0.2	2026-04-03T21:07:58.2301946Z   FORCE_JAVASCRIPT_ACTIONS_TO_NODE24: true
deploy	Run actions/checkout@v6.0.2	2026-04-03T21:07:58.2302539Z   NODE_OPTIONS: --no-deprecation
deploy	Run actions/checkout@v6.0.2	2026-04-03T21:07:58.2303052Z   WRANGLER_VERSION: latest
deploy	Run actions/checkout@v6.0.2	2026-04-03T21:07:58.2303689Z ##[endgroup]
deploy	Run actions/checkout@v6.0.2	2026-04-03T21:07:58.4158017Z Syncing repository: lcv-leo/mainsite-app
deploy	Run actions/checkout@v6.0.2	2026-04-03T21:07:58.4160868Z ##[group]Getting Git version info
deploy	Run actions/checkout@v6.0.2	2026-04-03T21:07:58.4162123Z Working directory is '/home/runner/work/mainsite-app/mainsite-app'
deploy	Run actions/checkout@v6.0.2	2026-04-03T21:07:58.4164121Z [command]/usr/bin/git version
deploy	Run actions/checkout@v6.0.2	2026-04-03T21:07:58.4165123Z git version 2.53.0
deploy	Run actions/checkout@v6.0.2	2026-04-03T21:07:58.4167726Z ##[endgroup]
deploy	Run actions/checkout@v6.0.2	2026-04-03T21:07:58.4173870Z Temporarily overriding HOME='/home/runner/work/_temp/2d58c196-6316-4844-bfe7-b60596697caa' before making global git config changes
deploy	Run actions/checkout@v6.0.2	2026-04-03T21:07:58.4176231Z Adding repository directory to the temporary git global config as a safe directory
deploy	Run actions/checkout@v6.0.2	2026-04-03T21:07:58.4178236Z [command]/usr/bin/git config --global --add safe.directory /home/runner/work/mainsite-app/mainsite-app
deploy	Run actions/checkout@v6.0.2	2026-04-03T21:07:58.4181017Z Deleting the contents of '/home/runner/work/mainsite-app/mainsite-app'
deploy	Run actions/checkout@v6.0.2	2026-04-03T21:07:58.4183307Z ##[group]Initializing the repository
deploy	Run actions/checkout@v6.0.2	2026-04-03T21:07:58.4184825Z [command]/usr/bin/git init /home/runner/work/mainsite-app/mainsite-app
deploy	Run actions/checkout@v6.0.2	2026-04-03T21:07:58.4186498Z hint: Using 'master' as the name for the initial branch. This default branch name
deploy	Run actions/checkout@v6.0.2	2026-04-03T21:07:58.4188624Z hint: will change to "main" in Git 3.0. To configure the initial branch name
deploy	Run actions/checkout@v6.0.2	2026-04-03T21:07:58.4190204Z hint: to use in all of your new repositories, which will suppress this warning,
deploy	Run actions/checkout@v6.0.2	2026-04-03T21:07:58.4191467Z hint: call:
deploy	Run actions/checkout@v6.0.2	2026-04-03T21:07:58.4192102Z hint:
deploy	Run actions/checkout@v6.0.2	2026-04-03T21:07:58.4192891Z hint: 	git config --global init.defaultBranch <name>
deploy	Run actions/checkout@v6.0.2	2026-04-03T21:07:58.4194231Z hint:
deploy	Run actions/checkout@v6.0.2	2026-04-03T21:07:58.4195229Z hint: Names commonly chosen instead of 'master' are 'main', 'trunk' and
deploy	Run actions/checkout@v6.0.2	2026-04-03T21:07:58.4196952Z hint: 'development'. The just-created branch can be renamed via this command:
deploy	Run actions/checkout@v6.0.2	2026-04-03T21:07:58.4198200Z hint:
deploy	Run actions/checkout@v6.0.2	2026-04-03T21:07:58.4198876Z hint: 	git branch -m <name>
deploy	Run actions/checkout@v6.0.2	2026-04-03T21:07:58.4199622Z hint:
deploy	Run actions/checkout@v6.0.2	2026-04-03T21:07:58.4200661Z hint: Disable this message with "git config set advice.defaultBranchName false"
deploy	Run actions/checkout@v6.0.2	2026-04-03T21:07:58.4202475Z Initialized empty Git repository in /home/runner/work/mainsite-app/mainsite-app/.git/
deploy	Run actions/checkout@v6.0.2	2026-04-03T21:07:58.4205603Z [command]/usr/bin/git remote add origin https://github.com/lcv-leo/mainsite-app
deploy	Run actions/checkout@v6.0.2	2026-04-03T21:07:58.4208583Z ##[endgroup]
deploy	Run actions/checkout@v6.0.2	2026-04-03T21:07:58.4209734Z ##[group]Disabling automatic garbage collection
deploy	Run actions/checkout@v6.0.2	2026-04-03T21:07:58.4211051Z [command]/usr/bin/git config --local gc.auto 0
deploy	Run actions/checkout@v6.0.2	2026-04-03T21:07:58.4214093Z ##[endgroup]
deploy	Run actions/checkout@v6.0.2	2026-04-03T21:07:58.4215414Z ##[group]Setting up auth
deploy	Run actions/checkout@v6.0.2	2026-04-03T21:07:58.4216269Z Removing SSH command configuration
deploy	Run actions/checkout@v6.0.2	2026-04-03T21:07:58.4217517Z [command]/usr/bin/git config --local --name-only --get-regexp core\.sshCommand
deploy	Run actions/checkout@v6.0.2	2026-04-03T21:07:58.4221080Z [command]/usr/bin/git submodule foreach --recursive sh -c "git config --local --name-only --get-regexp 'core\.sshCommand' && git config --local --unset-all 'core.sshCommand' || :"
deploy	Run actions/checkout@v6.0.2	2026-04-03T21:07:58.4362118Z Removing HTTP extra header
deploy	Run actions/checkout@v6.0.2	2026-04-03T21:07:58.4368876Z [command]/usr/bin/git config --local --name-only --get-regexp http\.https\:\/\/github\.com\/\.extraheader
deploy	Run actions/checkout@v6.0.2	2026-04-03T21:07:58.4407650Z [command]/usr/bin/git submodule foreach --recursive sh -c "git config --local --name-only --get-regexp 'http\.https\:\/\/github\.com\/\.extraheader' && git config --local --unset-all 'http.https://github.com/.extraheader' || :"
deploy	Run actions/checkout@v6.0.2	2026-04-03T21:07:58.4647165Z Removing includeIf entries pointing to credentials config files
deploy	Run actions/checkout@v6.0.2	2026-04-03T21:07:58.4652168Z [command]/usr/bin/git config --local --name-only --get-regexp ^includeIf\.gitdir:
deploy	Run actions/checkout@v6.0.2	2026-04-03T21:07:58.4686805Z [command]/usr/bin/git submodule foreach --recursive git config --local --show-origin --name-only --get-regexp remote.origin.url
deploy	Run actions/checkout@v6.0.2	2026-04-03T21:07:58.5026282Z [command]/usr/bin/git config --file /home/runner/work/_temp/git-credentials-65638cc0-c999-4309-add4-f0b6344cf085.config http.https://github.com/.extraheader AUTHORIZATION: basic ***
deploy	Run actions/checkout@v6.0.2	2026-04-03T21:07:58.5031518Z [command]/usr/bin/git config --local includeIf.gitdir:/home/runner/work/mainsite-app/mainsite-app/.git.path /home/runner/work/_temp/git-credentials-65638cc0-c999-4309-add4-f0b6344cf085.config
deploy	Run actions/checkout@v6.0.2	2026-04-03T21:07:58.5037578Z [command]/usr/bin/git config --local includeIf.gitdir:/home/runner/work/mainsite-app/mainsite-app/.git/worktrees/*.path /home/runner/work/_temp/git-credentials-65638cc0-c999-4309-add4-f0b6344cf085.config
deploy	Run actions/checkout@v6.0.2	2026-04-03T21:07:58.5071563Z [command]/usr/bin/git config --local includeIf.gitdir:/github/workspace/.git.path /github/runner_temp/git-credentials-65638cc0-c999-4309-add4-f0b6344cf085.config
deploy	Run actions/checkout@v6.0.2	2026-04-03T21:07:58.5104907Z [command]/usr/bin/git config --local includeIf.gitdir:/github/workspace/.git/worktrees/*.path /github/runner_temp/git-credentials-65638cc0-c999-4309-add4-f0b6344cf085.config
deploy	Run actions/checkout@v6.0.2	2026-04-03T21:07:58.5136239Z ##[endgroup]
deploy	Run actions/checkout@v6.0.2	2026-04-03T21:07:58.5139001Z ##[group]Fetching the repository
deploy	Run actions/checkout@v6.0.2	2026-04-03T21:07:58.5141209Z [command]/usr/bin/git -c protocol.version=2 fetch --no-tags --prune --no-recurse-submodules --depth=1 origin +a76348276988398604a07cd06249eab4614828d3:refs/remotes/origin/main
deploy	Run actions/checkout@v6.0.2	2026-04-03T21:07:58.8937312Z From https://github.com/lcv-leo/mainsite-app
deploy	Run actions/checkout@v6.0.2	2026-04-03T21:07:58.8941156Z  * [new ref]         a76348276988398604a07cd06249eab4614828d3 -> origin/main
deploy	Run actions/checkout@v6.0.2	2026-04-03T21:07:58.8944979Z [command]/usr/bin/git branch --list --remote origin/main
deploy	Run actions/checkout@v6.0.2	2026-04-03T21:07:58.8946355Z   origin/main
deploy	Run actions/checkout@v6.0.2	2026-04-03T21:07:58.8949125Z [command]/usr/bin/git rev-parse refs/remotes/origin/main
deploy	Run actions/checkout@v6.0.2	2026-04-03T21:07:58.8950472Z a76348276988398604a07cd06249eab4614828d3
deploy	Run actions/checkout@v6.0.2	2026-04-03T21:07:58.8953286Z ##[endgroup]
deploy	Run actions/checkout@v6.0.2	2026-04-03T21:07:58.8955118Z ##[group]Determining the checkout info
deploy	Run actions/checkout@v6.0.2	2026-04-03T21:07:58.8956821Z ##[endgroup]
deploy	Run actions/checkout@v6.0.2	2026-04-03T21:07:58.8957768Z [command]/usr/bin/git sparse-checkout disable
deploy	Run actions/checkout@v6.0.2	2026-04-03T21:07:58.8961782Z [command]/usr/bin/git config --local --unset-all extensions.worktreeConfig
deploy	Run actions/checkout@v6.0.2	2026-04-03T21:07:58.8991328Z ##[group]Checking out the ref
deploy	Run actions/checkout@v6.0.2	2026-04-03T21:07:58.8994961Z [command]/usr/bin/git checkout --progress --force -B main refs/remotes/origin/main
deploy	Run actions/checkout@v6.0.2	2026-04-03T21:07:58.9120609Z Switched to a new branch 'main'
deploy	Run actions/checkout@v6.0.2	2026-04-03T21:07:58.9133086Z branch 'main' set up to track 'origin/main'.
deploy	Run actions/checkout@v6.0.2	2026-04-03T21:07:58.9136689Z ##[endgroup]
deploy	Run actions/checkout@v6.0.2	2026-04-03T21:07:58.9175971Z [command]/usr/bin/git log -1 --format=%H
deploy	Run actions/checkout@v6.0.2	2026-04-03T21:07:58.9200812Z a76348276988398604a07cd06249eab4614828d3
deploy	Run actions/setup-node@v6.3.0	﻿2026-04-03T21:07:58.9477945Z ##[group]Run actions/setup-node@v6.3.0
deploy	Run actions/setup-node@v6.3.0	2026-04-03T21:07:58.9478625Z with:
deploy	Run actions/setup-node@v6.3.0	2026-04-03T21:07:58.9479040Z   node-version: 24
deploy	Run actions/setup-node@v6.3.0	2026-04-03T21:07:58.9479490Z   cache: npm
deploy	Run actions/setup-node@v6.3.0	2026-04-03T21:07:58.9480314Z   cache-dependency-path: ./mainsite-worker/package-lock.json
deploy	Run actions/setup-node@v6.3.0	./mainsite-frontend/package-lock.json
deploy	Run actions/setup-node@v6.3.0	
deploy	Run actions/setup-node@v6.3.0	2026-04-03T21:07:58.9481291Z   check-latest: false
deploy	Run actions/setup-node@v6.3.0	2026-04-03T21:07:58.9481943Z   token: ***
deploy	Run actions/setup-node@v6.3.0	2026-04-03T21:07:58.9482395Z   package-manager-cache: true
deploy	Run actions/setup-node@v6.3.0	2026-04-03T21:07:58.9482914Z env:
deploy	Run actions/setup-node@v6.3.0	2026-04-03T21:07:58.9483552Z   FORCE_JAVASCRIPT_ACTIONS_TO_NODE24: true
deploy	Run actions/setup-node@v6.3.0	2026-04-03T21:07:58.9484195Z   NODE_OPTIONS: --no-deprecation
deploy	Run actions/setup-node@v6.3.0	2026-04-03T21:07:58.9484802Z   WRANGLER_VERSION: latest
deploy	Run actions/setup-node@v6.3.0	2026-04-03T21:07:58.9485319Z ##[endgroup]
deploy	Run actions/setup-node@v6.3.0	2026-04-03T21:07:59.1281919Z Found in cache @ /opt/hostedtoolcache/node/24.14.1/x64
deploy	Run actions/setup-node@v6.3.0	2026-04-03T21:07:59.1285821Z ##[group]Environment details
deploy	Run actions/setup-node@v6.3.0	2026-04-03T21:07:59.5392562Z node: v24.14.1
deploy	Run actions/setup-node@v6.3.0	2026-04-03T21:07:59.5394807Z npm: 11.11.0
deploy	Run actions/setup-node@v6.3.0	2026-04-03T21:07:59.5395970Z yarn: 1.22.22
deploy	Run actions/setup-node@v6.3.0	2026-04-03T21:07:59.5398891Z ##[endgroup]
deploy	Run actions/setup-node@v6.3.0	2026-04-03T21:07:59.5422952Z [command]/opt/hostedtoolcache/node/24.14.1/x64/bin/npm config get cache
deploy	Run actions/setup-node@v6.3.0	2026-04-03T21:07:59.6521783Z /home/runner/.npm
deploy	Run actions/setup-node@v6.3.0	2026-04-03T21:07:59.7836691Z Cache hit for: node-cache-Linux-x64-npm-eca2a013c54d07e445a02cfe2dc65c7cbb8824ecfb610401c5437c140b11b5e0
deploy	Run actions/setup-node@v6.3.0	2026-04-03T21:08:00.9028854Z Received 125829120 of 167600789 (75.1%), 120.0 MBs/sec
deploy	Run actions/setup-node@v6.3.0	2026-04-03T21:08:01.6445678Z Received 167600789 of 167600789 (100.0%), 91.8 MBs/sec
deploy	Run actions/setup-node@v6.3.0	2026-04-03T21:08:01.6450652Z Cache Size: ~160 MB (167600789 B)
deploy	Run actions/setup-node@v6.3.0	2026-04-03T21:08:01.6649248Z [command]/usr/bin/tar -xf /home/runner/work/_temp/4506a8ad-7e86-4dbb-acd2-8d3c7152dfde/cache.tzst -P -C /home/runner/work/mainsite-app/mainsite-app --use-compress-program unzstd
deploy	Run actions/setup-node@v6.3.0	2026-04-03T21:08:02.4979206Z Cache restored successfully
deploy	Run actions/setup-node@v6.3.0	2026-04-03T21:08:02.5061075Z Cache restored from key: node-cache-Linux-x64-npm-eca2a013c54d07e445a02cfe2dc65c7cbb8824ecfb610401c5437c140b11b5e0
deploy	Install e Deploy Worker	﻿2026-04-03T21:08:02.5276871Z ##[group]Run npm install
deploy	Install e Deploy Worker	2026-04-03T21:08:02.5277452Z [36;1mnpm install[0m
deploy	Install e Deploy Worker	2026-04-03T21:08:02.5277773Z [36;1mnpx wrangler@${WRANGLER_VERSION} deploy[0m
deploy	Install e Deploy Worker	2026-04-03T21:08:02.6195906Z shell: /usr/bin/bash -e {0}
deploy	Install e Deploy Worker	2026-04-03T21:08:02.6196272Z env:
deploy	Install e Deploy Worker	2026-04-03T21:08:02.6196501Z   FORCE_JAVASCRIPT_ACTIONS_TO_NODE24: true
deploy	Install e Deploy Worker	2026-04-03T21:08:02.6196811Z   NODE_OPTIONS: --no-deprecation
deploy	Install e Deploy Worker	2026-04-03T21:08:02.6197081Z   WRANGLER_VERSION: latest
deploy	Install e Deploy Worker	2026-04-03T21:08:02.6198044Z   CLOUDFLARE_API_TOKEN: ***
deploy	Install e Deploy Worker	2026-04-03T21:08:02.6198379Z   CLOUDFLARE_ACCOUNT_ID: ***
deploy	Install e Deploy Worker	2026-04-03T21:08:02.6198623Z ##[endgroup]
deploy	Install e Deploy Worker	2026-04-03T21:08:06.9204655Z npm warn deprecated node-domexception@1.0.0: Use your platform's native DOMException instead
deploy	Install e Deploy Worker	2026-04-03T21:08:08.2880476Z 
deploy	Install e Deploy Worker	2026-04-03T21:08:08.2881905Z added 131 packages, and audited 132 packages in 5s
deploy	Install e Deploy Worker	2026-04-03T21:08:08.2885607Z 
deploy	Install e Deploy Worker	2026-04-03T21:08:08.2886024Z 32 packages are looking for funding
deploy	Install e Deploy Worker	2026-04-03T21:08:08.2887195Z   run `npm fund` for details
deploy	Install e Deploy Worker	2026-04-03T21:08:08.2897357Z 
deploy	Install e Deploy Worker	2026-04-03T21:08:08.2898079Z found 0 vulnerabilities
deploy	Install e Deploy Worker	2026-04-03T21:08:09.3780637Z npm warn exec The following package was not found and will be installed: wrangler@4.80.0
deploy	Install e Deploy Worker	2026-04-03T21:08:16.2430263Z 
deploy	Install e Deploy Worker	2026-04-03T21:08:16.2432362Z  ⛅️ wrangler 4.80.0
deploy	Install e Deploy Worker	2026-04-03T21:08:16.2449782Z ───────────────────
deploy	Install e Deploy Worker	2026-04-03T21:08:17.6920019Z Total Upload: 998.88 KiB / gzip: 149.83 KiB
deploy	Install e Deploy Worker	2026-04-03T21:08:18.8463143Z Your Worker has access to the following bindings:
deploy	Install e Deploy Worker	2026-04-03T21:08:18.8468587Z Binding                                                                                 Resource                  
deploy	Install e Deploy Worker	2026-04-03T21:08:18.8482510Z env.DB (bigdata_db)                                                                     D1 Database               
deploy	Install e Deploy Worker	2026-04-03T21:08:18.8484058Z env.BUCKET (mainsite-media)                                                             R2 Bucket                 
deploy	Install e Deploy Worker	2026-04-03T21:08:18.8485616Z env.CLOUDFLARE_PW (df90c0935ba1460899c3c2c457548a90/CLOUDFLARE_PW)                      Secrets Store Secret      
deploy	Install e Deploy Worker	2026-04-03T21:08:18.8487335Z env.GEMINI_API_KEY (df90c0935ba1460899c3c2c457548a90/GEMINI_API_KEY)                    Secrets Store Secret      
deploy	Install e Deploy Worker	2026-04-03T21:08:18.8488988Z env.RESEND_API_KEY (df90c0935ba1460899c3c2c457548a90/RESEND_APPKEY)                     Secrets Store Secret      
deploy	Install e Deploy Worker	2026-04-03T21:08:18.8490603Z env.MP_ACCESS_TOKEN (df90c0935ba1460899c3c2c457548a90/MP_ACCESS_TOKEN)                  Secrets Store Secret      
deploy	Install e Deploy Worker	2026-04-03T21:08:18.8492618Z env.SUMUP_API_KEY_PRIVATE (df90c0935ba1460899c3c2c457548a90/SUMUP_API_KEY_PRIVATE)      Secrets Store Secret      
deploy	Install e Deploy Worker	2026-04-03T21:08:18.8511044Z env.SUMUP_MERCHANT_CODE (df90c0935ba1460899c3c2c457548a90/MERCHANT_CODE)                Secrets Store Secret      
deploy	Install e Deploy Worker	2026-04-03T21:08:18.8512836Z env.CF_AI_GATEWAY (df90c0935ba1460899c3c2c457548a90/CF_AI_GATEWAY)                      Secrets Store Secret      
deploy	Install e Deploy Worker	2026-04-03T21:08:18.8514535Z env.AI                                                                                  AI                        
deploy	Install e Deploy Worker	2026-04-03T21:08:18.8515701Z env.RL_CHATBOT (5 requests/60s)                                                         Rate Limit                
deploy	Install e Deploy Worker	2026-04-03T21:08:18.8517000Z env.RL_EMAIL (3 requests/60s)                                                           Rate Limit                
deploy	Install e Deploy Worker	2026-04-03T21:08:18.8518354Z env.GLOBAL_RATE_LIMITER (10 requests/60s)                                               Rate Limit                
deploy	Install e Deploy Worker	2026-04-03T21:08:18.8519031Z 
deploy	Install e Deploy Worker	2026-04-03T21:08:18.8519046Z 
deploy	Install e Deploy Worker	2026-04-03T21:08:18.8520355Z Cloudflare collects anonymous telemetry about your usage of Wrangler. Learn more at https://github.com/cloudflare/workers-sdk/tree/main/packages/wrangler/telemetry.md
deploy	Install e Deploy Worker	2026-04-03T21:08:18.8521573Z 
deploy	Install e Deploy Worker	2026-04-03T21:08:18.9006957Z [31m✘ [41;31m[[41;97mERROR[41;31m][0m [1mA request to the Cloudflare API (/accounts/***/workers/scripts/mainsite-motor/versions) failed.[0m
deploy	Install e Deploy Worker	2026-04-03T21:08:18.9009288Z 
deploy	Install e Deploy Worker	2026-04-03T21:08:18.9011546Z   Secrets Store binding 'SUMUP_MERCHANT_CODE' references store 'df90c0935ba1460899c3c2c457548a90' and secret 'MERCHANT_CODE' which were not found. Verify the store and secret exist in your account and that the store_id and secret_name in your configuration are correct. [code: 10182]
deploy	Install e Deploy Worker	2026-04-03T21:08:18.9014065Z   To learn more about this error, visit: [4mhttps://developers.cloudflare.com/secrets-store/[0m
deploy	Install e Deploy Worker	2026-04-03T21:08:18.9014785Z 
deploy	Install e Deploy Worker	2026-04-03T21:08:18.9014943Z   
deploy	Install e Deploy Worker	2026-04-03T21:08:18.9016104Z   If you think this is a bug, please open an issue at: [4mhttps://github.com/cloudflare/workers-sdk/issues/new/choose[0m
deploy	Install e Deploy Worker	2026-04-03T21:08:18.9016935Z 
deploy	Install e Deploy Worker	2026-04-03T21:08:18.9016955Z 
deploy	Install e Deploy Worker	2026-04-03T21:08:18.9106356Z 🪵  Logs were written to "/home/runner/.config/.wrangler/logs/wrangler-2026-04-03_21-08-15_576.log"
deploy	Install e Deploy Worker	2026-04-03T21:08:18.9613063Z ##[error]Process completed with exit code 1.
deploy	Post Run actions/checkout@v6.0.2	﻿2026-04-03T21:08:18.9735509Z Post job cleanup.
deploy	Post Run actions/checkout@v6.0.2	2026-04-03T21:08:19.0624904Z [command]/usr/bin/git version
deploy	Post Run actions/checkout@v6.0.2	2026-04-03T21:08:19.0666826Z git version 2.53.0
deploy	Post Run actions/checkout@v6.0.2	2026-04-03T21:08:19.0745804Z Temporarily overriding HOME='/home/runner/work/_temp/d65631fa-f44f-47ca-ba69-73ed2c67a28a' before making global git config changes
deploy	Post Run actions/checkout@v6.0.2	2026-04-03T21:08:19.0749662Z Adding repository directory to the temporary git global config as a safe directory
deploy	Post Run actions/checkout@v6.0.2	2026-04-03T21:08:19.0752814Z [command]/usr/bin/git config --global --add safe.directory /home/runner/work/mainsite-app/mainsite-app
deploy	Post Run actions/checkout@v6.0.2	2026-04-03T21:08:19.0790611Z Removing SSH command configuration
deploy	Post Run actions/checkout@v6.0.2	2026-04-03T21:08:19.0797212Z [command]/usr/bin/git config --local --name-only --get-regexp core\.sshCommand
deploy	Post Run actions/checkout@v6.0.2	2026-04-03T21:08:19.0837070Z [command]/usr/bin/git submodule foreach --recursive sh -c "git config --local --name-only --get-regexp 'core\.sshCommand' && git config --local --unset-all 'core.sshCommand' || :"
deploy	Post Run actions/checkout@v6.0.2	2026-04-03T21:08:19.1077205Z Removing HTTP extra header
deploy	Post Run actions/checkout@v6.0.2	2026-04-03T21:08:19.1082485Z [command]/usr/bin/git config --local --name-only --get-regexp http\.https\:\/\/github\.com\/\.extraheader
deploy	Post Run actions/checkout@v6.0.2	2026-04-03T21:08:19.1122865Z [command]/usr/bin/git submodule foreach --recursive sh -c "git config --local --name-only --get-regexp 'http\.https\:\/\/github\.com\/\.extraheader' && git config --local --unset-all 'http.https://github.com/.extraheader' || :"
deploy	Post Run actions/checkout@v6.0.2	2026-04-03T21:08:19.1355980Z Removing includeIf entries pointing to credentials config files
deploy	Post Run actions/checkout@v6.0.2	2026-04-03T21:08:19.1361966Z [command]/usr/bin/git config --local --name-only --get-regexp ^includeIf\.gitdir:
deploy	Post Run actions/checkout@v6.0.2	2026-04-03T21:08:19.1389657Z includeif.gitdir:/home/runner/work/mainsite-app/mainsite-app/.git.path
deploy	Post Run actions/checkout@v6.0.2	2026-04-03T21:08:19.1390825Z includeif.gitdir:/home/runner/work/mainsite-app/mainsite-app/.git/worktrees/*.path
deploy	Post Run actions/checkout@v6.0.2	2026-04-03T21:08:19.1391714Z includeif.gitdir:/github/workspace/.git.path
deploy	Post Run actions/checkout@v6.0.2	2026-04-03T21:08:19.1392445Z includeif.gitdir:/github/workspace/.git/worktrees/*.path
deploy	Post Run actions/checkout@v6.0.2	2026-04-03T21:08:19.1406006Z [command]/usr/bin/git config --local --get-all includeif.gitdir:/home/runner/work/mainsite-app/mainsite-app/.git.path
deploy	Post Run actions/checkout@v6.0.2	2026-04-03T21:08:19.1434477Z /home/runner/work/_temp/git-credentials-65638cc0-c999-4309-add4-f0b6344cf085.config
deploy	Post Run actions/checkout@v6.0.2	2026-04-03T21:08:19.1442135Z [command]/usr/bin/git config --local --unset includeif.gitdir:/home/runner/work/mainsite-app/mainsite-app/.git.path /home/runner/work/_temp/git-credentials-65638cc0-c999-4309-add4-f0b6344cf085.config
deploy	Post Run actions/checkout@v6.0.2	2026-04-03T21:08:19.1481158Z [command]/usr/bin/git config --local --get-all includeif.gitdir:/home/runner/work/mainsite-app/mainsite-app/.git/worktrees/*.path
deploy	Post Run actions/checkout@v6.0.2	2026-04-03T21:08:19.1505489Z /home/runner/work/_temp/git-credentials-65638cc0-c999-4309-add4-f0b6344cf085.config
deploy	Post Run actions/checkout@v6.0.2	2026-04-03T21:08:19.1518707Z [command]/usr/bin/git config --local --unset includeif.gitdir:/home/runner/work/mainsite-app/mainsite-app/.git/worktrees/*.path /home/runner/work/_temp/git-credentials-65638cc0-c999-4309-add4-f0b6344cf085.config
deploy	Post Run actions/checkout@v6.0.2	2026-04-03T21:08:19.1552493Z [command]/usr/bin/git config --local --get-all includeif.gitdir:/github/workspace/.git.path
deploy	Post Run actions/checkout@v6.0.2	2026-04-03T21:08:19.1576258Z /github/runner_temp/git-credentials-65638cc0-c999-4309-add4-f0b6344cf085.config
deploy	Post Run actions/checkout@v6.0.2	2026-04-03T21:08:19.1587996Z [command]/usr/bin/git config --local --unset includeif.gitdir:/github/workspace/.git.path /github/runner_temp/git-credentials-65638cc0-c999-4309-add4-f0b6344cf085.config
deploy	Post Run actions/checkout@v6.0.2	2026-04-03T21:08:19.1621953Z [command]/usr/bin/git config --local --get-all includeif.gitdir:/github/workspace/.git/worktrees/*.path
deploy	Post Run actions/checkout@v6.0.2	2026-04-03T21:08:19.1644895Z /github/runner_temp/git-credentials-65638cc0-c999-4309-add4-f0b6344cf085.config
deploy	Post Run actions/checkout@v6.0.2	2026-04-03T21:08:19.1658231Z [command]/usr/bin/git config --local --unset includeif.gitdir:/github/workspace/.git/worktrees/*.path /github/runner_temp/git-credentials-65638cc0-c999-4309-add4-f0b6344cf085.config
deploy	Post Run actions/checkout@v6.0.2	2026-04-03T21:08:19.1693163Z [command]/usr/bin/git submodule foreach --recursive git config --local --show-origin --name-only --get-regexp remote.origin.url
deploy	Post Run actions/checkout@v6.0.2	2026-04-03T21:08:19.1929827Z Removing credentials config '/home/runner/work/_temp/git-credentials-65638cc0-c999-4309-add4-f0b6344cf085.config'
deploy	Complete job	﻿2026-04-03T21:08:19.2084700Z Cleaning up orphan processes
